
> legasi-video@1.0.0 build
> remotion render LegasiDemo out/legasi-demo.mp4

Bundling 6%
Bundling 21%
Bundling 65%
Bundling 71%
Bundling 76%
Bundling 81%
Bundling 87%
Bundling 92%
Bundling 98%
Bundling 100%
Getting composition
Composition          LegasiDemo
Codec                h264
Output               out/legasi-demo.mp4
Concurrency          1x
Rendered 0/4500
Rendered 1/4500, time remaining: 41m 54s
Rendered 2/4500, time remaining: 24m 39s
Rendered 3/4500, time remaining: 18m 56s
Rendered 4/4500, time remaining: 16m 4s
Rendered 5/4500, time remaining: 14m 21s
Rendered 6/4500, time remaining: 13m 12s
Rendered 7/4500, time remaining: 12m 23s
Rendered 8/4500, time remaining: 11m 46s
Rendered 9/4500, time remaining: 11m 19s
Rendered 10/4500, time remaining: 11m 2s
Rendered 11/4500, time remaining: 10m 42s
Rendered 12/4500, time remaining: 10m 26s
Rendered 13/4500, time remaining: 10m 12s
Rendered 14/4500, time remaining: 10m 0s
Rendered 15/4500, time remaining: 9m 50s
Rendered 16/4500, time remaining: 9m 41s
Rendered 17/4500, time remaining: 9m 33s
Rendered 18/4500, time remaining: 9m 22s
Rendered 19/4500, time remaining: 9m 16s
Rendered 20/4500, time remaining: 9m 12s
Rendered 21/4500, time remaining: 9m 8s
Rendered 22/4500, time remaining: 9m 4s
Rendered 23/4500, time remaining: 9m 0s
Rendered 24/4500, time remaining: 8m 56s
Rendered 25/4500, time remaining: 8m 52s
Rendered 26/4500, time remaining: 8m 49s
Rendered 27/4500, time remaining: 8m 45s
Rendered 28/4500, time remaining: 8m 43s
Rendered 29/4500, time remaining: 8m 40s
Rendered 30/4500, time remaining: 8m 45s
Rendered 31/4500, time remaining: 8m 50s
Rendered 32/4500, time remaining: 9m 14s
Rendered 33/4500, time remaining: 9m 20s
Rendered 34/4500, time remaining: 9m 17s
Rendered 35/4500, time remaining: 9m 13s
Rendered 36/4500, time remaining: 9m 10s
Rendered 37/4500, time remaining: 9m 7s
Rendered 38/4500, time remaining: 9m 5s
Rendered 39/4500, time remaining: 9m 2s
Rendered 40/4500, time remaining: 8m 59s
Rendered 41/4500, time remaining: 8m 57s
Rendered 42/4500, time remaining: 8m 55s
Rendered 43/4500, time remaining: 8m 52s
Rendered 44/4500, time remaining: 8m 51s
Rendered 45/4500, time remaining: 8m 48s
Rendered 46/4500, time remaining: 8m 46s
Rendered 47/4500, time remaining: 8m 45s
Rendered 48/4500, time remaining: 8m 43s
Rendered 49/4500, time remaining: 8m 41s
Rendered 50/4500, time remaining: 8m 41s
Rendered 51/4500, time remaining: 8m 39s
Rendered 52/4500, time remaining: 8m 38s
Rendered 53/4500, time remaining: 8m 36s
Rendered 54/4500, time remaining: 8m 35s
Rendered 55/4500, time remaining: 8m 33s
Rendered 56/4500, time remaining: 8m 32s
Rendered 57/4500, time remaining: 8m 31s
Rendered 58/4500, time remaining: 8m 29s
Rendered 59/4500, time remaining: 8m 28s
Rendered 60/4500, time remaining: 8m 27s
Rendered 61/4500, time remaining: 8m 26s
Rendered 62/4500, time remaining: 8m 25s
Rendered 63/4500, time remaining: 8m 24s
Rendered 64/4500, time remaining: 8m 23s
Rendered 65/4500, time remaining: 8m 22s
Rendered 66/4500, time remaining: 8m 21s
Rendered 67/4500, time remaining: 8m 20s
Rendered 68/4500, time remaining: 8m 19s
Rendered 69/4500, time remaining: 8m 18s
Rendered 70/4500, time remaining: 8m 17s
Rendered 71/4500, time remaining: 8m 16s
Rendered 72/4500, time remaining: 8m 15s
Rendered 73/4500, time remaining: 8m 14s
Rendered 74/4500, time remaining: 8m 13s
Rendered 75/4500, time remaining: 8m 13s
Rendered 76/4500, time remaining: 8m 12s
Rendered 77/4500, time remaining: 8m 11s
Rendered 78/4500, time remaining: 8m 10s
Rendered 79/4500, time remaining: 8m 10s
Rendered 80/4500, time remaining: 8m 9s
Rendered 81/4500, time remaining: 8m 8s
Rendered 82/4500, time remaining: 8m 8s
Rendered 83/4500, time remaining: 8m 7s
Rendered 84/4500, time remaining: 8m 6s
Rendered 85/4500, time remaining: 8m 6s
Rendered 86/4500, time remaining: 8m 5s
Rendered 87/4500, time remaining: 8m 4s
Rendered 88/4500, time remaining: 8m 4s
Rendered 89/4500, time remaining: 8m 3s
Rendered 90/4500, time remaining: 8m 3s
Rendered 91/4500, time remaining: 8m 2s
Rendered 92/4500, time remaining: 8m 1s
Rendered 93/4500, time remaining: 8m 1s
Rendered 94/4500, time remaining: 8m 0s
Rendered 95/4500, time remaining: 8m 0s
Rendered 96/4500, time remaining: 7m 59s
Rendered 97/4500, time remaining: 7m 59s
Rendered 98/4500, time remaining: 7m 58s
Rendered 99/4500, time remaining: 7m 58s
Rendered 100/4500, time remaining: 7m 57s
Rendered 101/4500, time remaining: 7m 57s
Rendered 102/4500, time remaining: 7m 56s
Rendered 103/4500, time remaining: 7m 56s
Rendered 104/4500, time remaining: 7m 55s
Rendered 105/4500, time remaining: 7m 55s
Rendered 106/4500, time remaining: 7m 55s
Rendered 107/4500, time remaining: 7m 54s
The browser crashed while rendering frame 107, retrying 1 more times. Learn more about this error under https://www.remotion.dev/docs/target-closed
Killed previous browser and making new one
Made new browser
Rendered 108/4500, time remaining: 8m 9s
Rendered 109/4500, time remaining: 8m 9s
Rendered 110/4500, time remaining: 8m 8s
Rendered 111/4500, time remaining: 8m 7s
Rendered 112/4500, time remaining: 8m 7s
Rendered 113/4500, time remaining: 8m 6s
Rendered 114/4500, time remaining: 8m 6s
Rendered 115/4500, time remaining: 8m 5s
Rendered 116/4500, time remaining: 8m 5s
Rendered 117/4500, time remaining: 8m 4s
Rendered 118/4500, time remaining: 8m 4s
Rendered 119/4500, time remaining: 8m 3s
Rendered 120/4500, time remaining: 8m 3s
Rendered 121/4500, time remaining: 8m 2s
Rendered 122/4500, time remaining: 8m 2s
Rendered 123/4500, time remaining: 8m 1s
Rendered 124/4500, time remaining: 8m 1s
Rendered 125/4500, time remaining: 8m 0s
Rendered 126/4500, time remaining: 8m 0s
Rendered 127/4500, time remaining: 8m 0s
Rendered 128/4500, time remaining: 7m 59s
Rendered 129/4500, time remaining: 7m 59s
Rendered 130/4500, time remaining: 7m 58s
Rendered 131/4500, time remaining: 7m 58s
Rendered 132/4500, time remaining: 7m 57s
Rendered 133/4500, time remaining: 7m 57s
Rendered 134/4500, time remaining: 7m 57s
Rendered 135/4500, time remaining: 7m 56s
Rendered 136/4500, time remaining: 7m 55s
Rendered 137/4500, time remaining: 7m 55s
Rendered 138/4500, time remaining: 7m 54s
Rendered 139/4500, time remaining: 7m 54s
Rendered 140/4500, time remaining: 7m 53s
Rendered 141/4500, time remaining: 7m 55s
Rendered 142/4500, time remaining: 8m 0s
Rendered 142/4500, time remaining: 8m 0s
Rendered 143/4500, time remaining: 8m 1s
Rendered 144/4500, time remaining: 8m 6s
Rendered 144/4500, time remaining: 8m 6s
Rendered 145/4500, time remaining: 8m 12s
Rendered 145/4500, time remaining: 8m 12s
Rendered 146/4500, time remaining: 8m 21s
Rendered 146/4500, time remaining: 8m 21s
Rendered 147/4500, time remaining: 8m 29s
Rendered 148/4500, time remaining: 8m 38s
Rendered 148/4500, time remaining: 8m 38s
Rendered 149/4500, time remaining: 8m 48s
Rendered 149/4500, time remaining: 8m 48s
Rendered 150/4500, time remaining: 8m 54s
Rendered 150/4500, time remaining: 8m 54s
Rendered 151/4500, time remaining: 8m 48s
Rendered 152/4500, time remaining: 8m 51s
Rendered 152/4500, time remaining: 8m 51s
Rendered 153/4500, time remaining: 8m 55s
Rendered 154/4500, time remaining: 8m 59s
Rendered 154/4500, time remaining: 8m 59s
Rendered 155/4500, time remaining: 9m 3s
Rendered 156/4500, time remaining: 9m 5s
Rendered 157/4500, time remaining: 9m 9s
Rendered 157/4500, time remaining: 9m 9s
Rendered 158/4500, time remaining: 9m 12s
Rendered 159/4500, time remaining: 9m 15s
Rendered 159/4500, time remaining: 9m 15s
Rendered 160/4500, time remaining: 9m 17s
Rendered 161/4500, time remaining: 9m 20s
Rendered 162/4500, time remaining: 9m 22s
Rendered 162/4500, time remaining: 9m 22s
Rendered 163/4500, time remaining: 9m 25s
Rendered 164/4500, time remaining: 9m 27s
Rendered 165/4500, time remaining: 9m 29s
Rendered 165/4500, time remaining: 9m 29s
Rendered 166/4500, time remaining: 9m 31s
Rendered 167/4500, time remaining: 9m 33s
Rendered 168/4500, time remaining: 9m 36s
Rendered 168/4500, time remaining: 9m 36s
Rendered 169/4500, time remaining: 9m 37s
Rendered 170/4500, time remaining: 9m 38s
Rendered 171/4500, time remaining: 9m 40s
Rendered 171/4500, time remaining: 9m 40s
Rendered 172/4500, time remaining: 9m 42s
Rendered 173/4500, time remaining: 9m 44s
Rendered 174/4500, time remaining: 9m 45s
Rendered 174/4500, time remaining: 9m 45s
Rendered 175/4500, time remaining: 9m 47s
Rendered 176/4500, time remaining: 9m 49s
Rendered 177/4500, time remaining: 9m 51s
Rendered 177/4500, time remaining: 9m 51s
Rendered 178/4500, time remaining: 9m 53s
Rendered 179/4500, time remaining: 9m 55s
Rendered 179/4500, time remaining: 9m 55s
Rendered 180/4500, time remaining: 9m 56s
Rendered 181/4500, time remaining: 9m 56s
Rendered 182/4500, time remaining: 9m 52s
Rendered 182/4500, time remaining: 9m 52s
Rendered 183/4500, time remaining: 9m 52s
Rendered 184/4500, time remaining: 9m 54s
Rendered 185/4500, time remaining: 9m 56s
Rendered 185/4500, time remaining: 9m 56s
Rendered 186/4500, time remaining: 9m 58s
Rendered 187/4500, time remaining: 10m 1s
Rendered 188/4500, time remaining: 10m 2s
Rendered 188/4500, time remaining: 10m 2s
Rendered 189/4500, time remaining: 10m 5s
Rendered 190/4500, time remaining: 10m 7s
Rendered 191/4500, time remaining: 10m 9s
Rendered 191/4500, time remaining: 10m 9s
Rendered 192/4500, time remaining: 10m 11s
Rendered 193/4500, time remaining: 10m 13s
Rendered 194/4500, time remaining: 10m 14s
Rendered 194/4500, time remaining: 10m 14s
Rendered 195/4500, time remaining: 10m 17s
Rendered 196/4500, time remaining: 10m 19s
Rendered 197/4500, time remaining: 10m 20s
Rendered 197/4500, time remaining: 10m 20s
Rendered 198/4500, time remaining: 10m 22s
Rendered 199/4500, time remaining: 10m 25s
Rendered 199/4500, time remaining: 10m 25s
Rendered 200/4500, time remaining: 10m 27s
Rendered 201/4500, time remaining: 10m 29s
Rendered 202/4500, time remaining: 10m 31s
Rendered 202/4500, time remaining: 10m 31s
Rendered 203/4500, time remaining: 10m 33s
Rendered 204/4500, time remaining: 10m 35s
Rendered 205/4500, time remaining: 10m 36s
Rendered 205/4500, time remaining: 10m 36s
Rendered 206/4500, time remaining: 10m 38s
Rendered 207/4500, time remaining: 10m 40s
Rendered 208/4500, time remaining: 10m 43s
Rendered 208/4500, time remaining: 10m 43s
Rendered 209/4500, time remaining: 10m 44s
Rendered 210/4500, time remaining: 10m 46s
Rendered 211/4500, time remaining: 10m 48s
Rendered 211/4500, time remaining: 10m 48s
Rendered 212/4500, time remaining: 10m 50s
Rendered 213/4500, time remaining: 10m 52s
Rendered 213/4500, time remaining: 10m 52s
Rendered 214/4500, time remaining: 10m 56s
Rendered 215/4500, time remaining: 10m 57s
Rendered 216/4500, time remaining: 10m 59s
Rendered 216/4500, time remaining: 10m 59s
Rendered 217/4500, time remaining: 11m 2s
Rendered 218/4500, time remaining: 11m 5s
Rendered 219/4500, time remaining: 11m 7s
Rendered 219/4500, time remaining: 11m 7s
Rendered 220/4500, time remaining: 11m 9s
Rendered 221/4500, time remaining: 11m 11s
Rendered 222/4500, time remaining: 11m 13s
Rendered 222/4500, time remaining: 11m 13s
Rendered 223/4500, time remaining: 11m 15s
Rendered 224/4500, time remaining: 11m 17s
Rendered 225/4500, time remaining: 11m 18s
Rendered 225/4500, time remaining: 11m 18s
Rendered 226/4500, time remaining: 11m 19s
Rendered 227/4500, time remaining: 11m 21s
Rendered 228/4500, time remaining: 11m 23s
Rendered 228/4500, time remaining: 11m 23s
Rendered 229/4500, time remaining: 11m 24s
Rendered 230/4500, time remaining: 11m 26s
Rendered 231/4500, time remaining: 11m 28s
Rendered 231/4500, time remaining: 11m 28s
Rendered 232/4500, time remaining: 11m 30s
Rendered 233/4500, time remaining: 11m 32s
Rendered 234/4500, time remaining: 11m 33s
Rendered 234/4500, time remaining: 11m 33s
Rendered 235/4500, time remaining: 11m 36s
Rendered 236/4500, time remaining: 11m 38s
Rendered 237/4500, time remaining: 11m 40s
Rendered 237/4500, time remaining: 11m 40s
Rendered 238/4500, time remaining: 11m 41s
Rendered 239/4500, time remaining: 11m 42s
Rendered 240/4500, time remaining: 11m 44s
Rendered 240/4500, time remaining: 11m 44s
Rendered 241/4500, time remaining: 11m 46s
Rendered 242/4500, time remaining: 11m 47s
Rendered 243/4500, time remaining: 11m 49s
Rendered 243/4500, time remaining: 11m 49s
Rendered 244/4500, time remaining: 11m 50s
Rendered 245/4500, time remaining: 11m 51s
Rendered 246/4500, time remaining: 11m 53s
Rendered 246/4500, time remaining: 11m 53s
Rendered 247/4500, time remaining: 11m 55s
Rendered 248/4500, time remaining: 11m 57s
Rendered 249/4500, time remaining: 11m 59s
Rendered 249/4500, time remaining: 11m 59s
Rendered 250/4500, time remaining: 12m 1s
Rendered 251/4500, time remaining: 12m 3s
Rendered 252/4500, time remaining: 12m 5s
Rendered 252/4500, time remaining: 12m 5s
Rendered 253/4500, time remaining: 12m 7s
Rendered 254/4500, time remaining: 12m 9s
Rendered 254/4500, time remaining: 12m 9s
Rendered 255/4500, time remaining: 12m 12s
Rendered 256/4500, time remaining: 12m 14s
Rendered 257/4500, time remaining: 12m 15s
Rendered 257/4500, time remaining: 12m 15s
Rendered 258/4500, time remaining: 12m 7s
Rendered 259/4500, time remaining: 12m 9s
Rendered 260/4500, time remaining: 12m 11s
Rendered 260/4500, time remaining: 12m 11s
Rendered 261/4500, time remaining: 12m 13s
Rendered 262/4500, time remaining: 12m 14s
Rendered 263/4500, time remaining: 12m 16s
Rendered 263/4500, time remaining: 12m 16s
Rendered 264/4500, time remaining: 12m 18s
Rendered 265/4500, time remaining: 12m 19s
Rendered 266/4500, time remaining: 12m 21s
Rendered 266/4500, time remaining: 12m 21s
Rendered 267/4500, time remaining: 12m 24s
Rendered 268/4500, time remaining: 12m 25s
Rendered 269/4500, time remaining: 12m 27s
Rendered 269/4500, time remaining: 12m 27s
Rendered 270/4500, time remaining: 12m 29s
Rendered 271/4500, time remaining: 12m 31s
Rendered 272/4500, time remaining: 12m 33s
Rendered 272/4500, time remaining: 12m 33s
Rendered 273/4500, time remaining: 12m 35s
Rendered 274/4500, time remaining: 12m 37s
Rendered 275/4500, time remaining: 12m 39s
Rendered 275/4500, time remaining: 12m 39s
Rendered 276/4500, time remaining: 12m 40s
Rendered 277/4500, time remaining: 12m 42s
Rendered 278/4500, time remaining: 12m 45s
Rendered 278/4500, time remaining: 12m 45s
Rendered 279/4500, time remaining: 12m 47s
Rendered 280/4500, time remaining: 12m 49s
Rendered 280/4500, time remaining: 12m 49s
Rendered 281/4500, time remaining: 12m 51s
Rendered 282/4500, time remaining: 12m 53s
Rendered 283/4500, time remaining: 12m 55s
Rendered 283/4500, time remaining: 12m 55s
Rendered 284/4500, time remaining: 12m 57s
Rendered 285/4500, time remaining: 12m 59s
Rendered 286/4500, time remaining: 13m 2s
Rendered 286/4500, time remaining: 13m 2s
Rendered 287/4500, time remaining: 13m 3s
Rendered 288/4500, time remaining: 13m 4s
Rendered 289/4500, time remaining: 13m 7s
Rendered 289/4500, time remaining: 13m 7s
Rendered 290/4500, time remaining: 13m 9s
Rendered 291/4500, time remaining: 13m 9s
Rendered 292/4500, time remaining: 13m 6s
Rendered 292/4500, time remaining: 13m 6s
Rendered 293/4500, time remaining: 13m 6s
Rendered 294/4500, time remaining: 13m 5s
Rendered 294/4500, time remaining: 13m 5s
Rendered 295/4500, time remaining: 13m 0s
Rendered 296/4500, time remaining: 12m 54s
Rendered 297/4500, time remaining: 12m 47s
Rendered 297/4500, time remaining: 12m 47s
Rendered 298/4500, time remaining: 12m 41s
Rendered 299/4500, time remaining: 12m 32s
Rendered 300/4500, time remaining: 12m 27s
Rendered 300/4500, time remaining: 12m 27s
Rendered 301/4500, time remaining: 12m 21s
Rendered 302/4500, time remaining: 12m 20s
Rendered 303/4500, time remaining: 12m 18s
Rendered 303/4500, time remaining: 12m 18s
Rendered 304/4500, time remaining: 12m 17s
Rendered 304/4500, time remaining: 12m 17s
Rendered 305/4500, time remaining: 12m 21s
Rendered 306/4500, time remaining: 12m 26s
Rendered 306/4500, time remaining: 12m 26s
Rendered 307/4500, time remaining: 12m 27s
Rendered 307/4500, time remaining: 12m 27s
Rendered 308/4500, time remaining: 12m 35s
Rendered 308/4500, time remaining: 12m 35s
Rendered 309/4500, time remaining: 12m 42s
Rendered 309/4500, time remaining: 12m 42s
Rendered 310/4500, time remaining: 12m 49s
Rendered 310/4500, time remaining: 12m 49s
Rendered 311/4500, time remaining: 12m 57s
Rendered 312/4500, time remaining: 13m 3s
Rendered 312/4500, time remaining: 13m 3s
Rendered 313/4500, time remaining: 13m 7s
Rendered 313/4500, time remaining: 13m 7s
Rendered 314/4500, time remaining: 13m 13s
Rendered 315/4500, time remaining: 13m 13s
Rendered 315/4500, time remaining: 13m 13s
Rendered 316/4500, time remaining: 13m 13s
Rendered 317/4500, time remaining: 13m 15s
Rendered 318/4500, time remaining: 13m 15s
Rendered 318/4500, time remaining: 13m 15s
Rendered 319/4500, time remaining: 13m 15s
Rendered 320/4500, time remaining: 13m 15s
Rendered 320/4500, time remaining: 13m 15s
Rendered 321/4500, time remaining: 13m 16s
Rendered 322/4500, time remaining: 13m 17s
Rendered 323/4500, time remaining: 13m 17s
Rendered 323/4500, time remaining: 13m 17s
Rendered 324/4500, time remaining: 13m 17s
Rendered 325/4500, time remaining: 13m 19s
Rendered 325/4500, time remaining: 13m 19s
Rendered 326/4500, time remaining: 13m 18s
Rendered 327/4500, time remaining: 13m 19s
Rendered 328/4500, time remaining: 13m 20s
Rendered 328/4500, time remaining: 13m 20s
Rendered 329/4500, time remaining: 13m 20s
Rendered 330/4500, time remaining: 13m 21s
Rendered 331/4500, time remaining: 13m 21s
Rendered 331/4500, time remaining: 13m 21s
Rendered 332/4500, time remaining: 13m 21s
Rendered 333/4500, time remaining: 13m 22s
Rendered 333/4500, time remaining: 13m 22s
Rendered 334/4500, time remaining: 13m 24s
Rendered 335/4500, time remaining: 13m 24s
Rendered 336/4500, time remaining: 13m 24s
Rendered 336/4500, time remaining: 13m 24s
Rendered 337/4500, time remaining: 13m 24s
Rendered 338/4500, time remaining: 13m 24s
Rendered 338/4500, time remaining: 13m 24s
Rendered 339/4500, time remaining: 13m 24s
Rendered 340/4500, time remaining: 13m 25s
Rendered 341/4500, time remaining: 13m 25s
Rendered 341/4500, time remaining: 13m 25s
Rendered 342/4500, time remaining: 13m 26s
Rendered 343/4500, time remaining: 13m 27s
Rendered 343/4500, time remaining: 13m 27s
Rendered 344/4500, time remaining: 13m 28s
Rendered 345/4500, time remaining: 13m 29s
Rendered 346/4500, time remaining: 13m 29s
Rendered 346/4500, time remaining: 13m 29s
Rendered 347/4500, time remaining: 13m 29s
Rendered 348/4500, time remaining: 13m 30s
Rendered 348/4500, time remaining: 13m 30s
Rendered 349/4500, time remaining: 13m 29s
Rendered 350/4500, time remaining: 13m 29s
Rendered 351/4500, time remaining: 13m 29s
Rendered 351/4500, time remaining: 13m 29s
Rendered 352/4500, time remaining: 13m 29s
Rendered 353/4500, time remaining: 13m 31s
Rendered 353/4500, time remaining: 13m 31s
Rendered 354/4500, time remaining: 13m 31s
Rendered 355/4500, time remaining: 13m 31s
Rendered 356/4500, time remaining: 13m 31s
Rendered 356/4500, time remaining: 13m 31s
Rendered 357/4500, time remaining: 13m 32s
Rendered 358/4500, time remaining: 13m 33s
Rendered 358/4500, time remaining: 13m 33s
Rendered 359/4500, time remaining: 13m 33s
Rendered 360/4500, time remaining: 13m 33s
Rendered 361/4500, time remaining: 13m 34s
Rendered 361/4500, time remaining: 13m 34s
Rendered 362/4500, time remaining: 13m 34s
Rendered 363/4500, time remaining: 13m 34s
Rendered 364/4500, time remaining: 13m 32s
Rendered 364/4500, time remaining: 13m 32s
Rendered 365/4500, time remaining: 13m 33s
Rendered 366/4500, time remaining: 13m 35s
Rendered 366/4500, time remaining: 13m 35s
Rendered 367/4500, time remaining: 13m 33s
Rendered 368/4500, time remaining: 13m 33s
Rendered 369/4500, time remaining: 13m 34s
Rendered 369/4500, time remaining: 13m 34s
Rendered 370/4500, time remaining: 13m 34s
Rendered 371/4500, time remaining: 13m 33s
Rendered 372/4500, time remaining: 13m 33s
Rendered 372/4500, time remaining: 13m 33s
Rendered 373/4500, time remaining: 13m 34s
Rendered 374/4500, time remaining: 13m 34s
Rendered 374/4500, time remaining: 13m 34s
Rendered 375/4500, time remaining: 13m 34s
Rendered 376/4500, time remaining: 13m 36s
Rendered 377/4500, time remaining: 13m 38s
Rendered 377/4500, time remaining: 13m 38s
Rendered 378/4500, time remaining: 13m 38s
Rendered 379/4500, time remaining: 13m 38s
Rendered 379/4500, time remaining: 13m 38s
Rendered 380/4500, time remaining: 13m 38s
Rendered 381/4500, time remaining: 13m 38s
Rendered 382/4500, time remaining: 13m 38s
Rendered 382/4500, time remaining: 13m 38s
Rendered 383/4500, time remaining: 13m 38s
Rendered 384/4500, time remaining: 13m 39s
Rendered 385/4500, time remaining: 13m 39s
Rendered 385/4500, time remaining: 13m 39s
Rendered 386/4500, time remaining: 13m 39s
Rendered 387/4500, time remaining: 13m 39s
Rendered 387/4500, time remaining: 13m 39s
Rendered 388/4500, time remaining: 13m 40s
Rendered 389/4500, time remaining: 13m 42s
Rendered 390/4500, time remaining: 13m 42s
Rendered 390/4500, time remaining: 13m 42s
Rendered 391/4500, time remaining: 13m 42s
Rendered 392/4500, time remaining: 13m 44s
Rendered 393/4500, time remaining: 13m 44s
Rendered 393/4500, time remaining: 13m 44s
Rendered 394/4500, time remaining: 13m 44s
Rendered 395/4500, time remaining: 13m 45s
Rendered 395/4500, time remaining: 13m 45s
Rendered 396/4500, time remaining: 13m 45s
Rendered 397/4500, time remaining: 13m 47s
Rendered 398/4500, time remaining: 13m 46s
Rendered 398/4500, time remaining: 13m 46s
Rendered 399/4500, time remaining: 13m 46s
Rendered 400/4500, time remaining: 13m 46s
Rendered 401/4500, time remaining: 13m 46s
Rendered 401/4500, time remaining: 13m 46s
Rendered 402/4500, time remaining: 13m 46s
Rendered 403/4500, time remaining: 13m 46s
Rendered 403/4500, time remaining: 13m 46s
Rendered 404/4500, time remaining: 13m 46s
Rendered 405/4500, time remaining: 13m 45s
Rendered 406/4500, time remaining: 13m 46s
Rendered 406/4500, time remaining: 13m 46s
Rendered 407/4500, time remaining: 13m 46s
Rendered 408/4500, time remaining: 13m 46s
Rendered 409/4500, time remaining: 13m 46s
Rendered 409/4500, time remaining: 13m 46s
Rendered 410/4500, time remaining: 13m 47s
Rendered 411/4500, time remaining: 13m 46s
Rendered 411/4500, time remaining: 13m 46s
Rendered 412/4500, time remaining: 13m 47s
Rendered 413/4500, time remaining: 13m 48s
Rendered 414/4500, time remaining: 13m 48s
Rendered 414/4500, time remaining: 13m 48s
Rendered 415/4500, time remaining: 13m 49s
Rendered 416/4500, time remaining: 13m 48s
Rendered 416/4500, time remaining: 13m 48s
Rendered 417/4500, time remaining: 13m 50s
Rendered 418/4500, time remaining: 13m 50s
Rendered 419/4500, time remaining: 13m 50s
Rendered 419/4500, time remaining: 13m 50s
Rendered 420/4500, time remaining: 13m 49s
Rendered 421/4500, time remaining: 13m 50s
Rendered 422/4500, time remaining: 13m 50s
Rendered 422/4500, time remaining: 13m 50s
Rendered 423/4500, time remaining: 13m 49s
Rendered 424/4500, time remaining: 13m 49s
Rendered 425/4500, time remaining: 13m 50s
Rendered 425/4500, time remaining: 13m 50s
Rendered 426/4500, time remaining: 13m 50s
Rendered 427/4500, time remaining: 13m 50s
Rendered 427/4500, time remaining: 13m 50s
Rendered 428/4500, time remaining: 13m 50s
Rendered 429/4500, time remaining: 13m 50s
Rendered 430/4500, time remaining: 13m 50s
Rendered 430/4500, time remaining: 13m 50s
Rendered 431/4500, time remaining: 13m 50s
Rendered 432/4500, time remaining: 13m 50s
Rendered 433/4500, time remaining: 13m 50s
Rendered 433/4500, time remaining: 13m 50s
Rendered 434/4500, time remaining: 13m 51s
Rendered 435/4500, time remaining: 13m 50s
Rendered 435/4500, time remaining: 13m 50s
Rendered 436/4500, time remaining: 13m 51s
Rendered 437/4500, time remaining: 13m 51s
Rendered 438/4500, time remaining: 13m 52s
Rendered 438/4500, time remaining: 13m 52s
Rendered 439/4500, time remaining: 13m 53s
Rendered 440/4500, time remaining: 13m 52s
Rendered 440/4500, time remaining: 13m 52s
Rendered 441/4500, time remaining: 13m 52s
Rendered 442/4500, time remaining: 13m 53s
Rendered 443/4500, time remaining: 13m 54s
Rendered 443/4500, time remaining: 13m 54s
Rendered 444/4500, time remaining: 13m 53s
Rendered 445/4500, time remaining: 13m 54s
Rendered 445/4500, time remaining: 13m 54s
Rendered 446/4500, time remaining: 13m 54s
Rendered 447/4500, time remaining: 13m 54s
Rendered 448/4500, time remaining: 13m 54s
Rendered 448/4500, time remaining: 13m 54s
Rendered 449/4500, time remaining: 13m 55s
Rendered 450/4500, time remaining: 13m 55s
Rendered 450/4500, time remaining: 13m 55s
Rendered 451/4500, time remaining: 13m 57s
Rendered 452/4500, time remaining: 13m 58s
Rendered 452/4500, time remaining: 13m 58s
Rendered 453/4500, time remaining: 14m 0s
Rendered 454/4500, time remaining: 14m 0s
Rendered 454/4500, time remaining: 14m 0s
Rendered 455/4500, time remaining: 13m 57s
Rendered 456/4500, time remaining: 13m 53s
Rendered 457/4500, time remaining: 13m 51s
Rendered 457/4500, time remaining: 13m 51s
Rendered 458/4500, time remaining: 13m 43s
Rendered 459/4500, time remaining: 13m 37s
Rendered 459/4500, time remaining: 13m 37s
Rendered 460/4500, time remaining: 13m 31s
Rendered 461/4500, time remaining: 13m 24s
Rendered 461/4500, time remaining: 13m 24s
Rendered 462/4500, time remaining: 13m 21s
Rendered 463/4500, time remaining: 13m 18s
Rendered 463/4500, time remaining: 13m 18s
Rendered 464/4500, time remaining: 13m 13s
Rendered 465/4500, time remaining: 13m 14s
Rendered 465/4500, time remaining: 13m 14s
Rendered 466/4500, time remaining: 13m 16s
Rendered 467/4500, time remaining: 13m 15s
Rendered 467/4500, time remaining: 13m 15s
Rendered 468/4500, time remaining: 13m 16s
Rendered 469/4500, time remaining: 13m 19s
Rendered 469/4500, time remaining: 13m 19s
Rendered 470/4500, time remaining: 13m 20s
Rendered 471/4500, time remaining: 13m 19s
Rendered 471/4500, time remaining: 13m 19s
Rendered 472/4500, time remaining: 13m 20s
Rendered 473/4500, time remaining: 13m 22s
Rendered 474/4500, time remaining: 13m 23s
Rendered 474/4500, time remaining: 13m 23s
Rendered 475/4500, time remaining: 13m 24s
Rendered 476/4500, time remaining: 13m 24s
Rendered 476/4500, time remaining: 13m 24s
Rendered 477/4500, time remaining: 13m 25s
Rendered 478/4500, time remaining: 13m 25s
Rendered 478/4500, time remaining: 13m 25s
Rendered 479/4500, time remaining: 13m 27s
Rendered 480/4500, time remaining: 13m 27s
Rendered 480/4500, time remaining: 13m 27s
Rendered 481/4500, time remaining: 13m 28s
Rendered 482/4500, time remaining: 13m 30s
Rendered 482/4500, time remaining: 13m 30s
Rendered 483/4500, time remaining: 13m 29s
Rendered 484/4500, time remaining: 13m 29s
Rendered 484/4500, time remaining: 13m 29s
Rendered 485/4500, time remaining: 13m 29s
Rendered 486/4500, time remaining: 13m 31s
Rendered 486/4500, time remaining: 13m 31s
Rendered 487/4500, time remaining: 13m 33s
Rendered 488/4500, time remaining: 13m 32s
Rendered 489/4500, time remaining: 13m 33s
Rendered 489/4500, time remaining: 13m 33s
Rendered 490/4500, time remaining: 13m 34s
Rendered 491/4500, time remaining: 13m 35s
Rendered 491/4500, time remaining: 13m 35s
Rendered 492/4500, time remaining: 13m 35s
Rendered 493/4500, time remaining: 13m 36s
Rendered 493/4500, time remaining: 13m 36s
Rendered 494/4500, time remaining: 13m 36s
Rendered 495/4500, time remaining: 13m 36s
Rendered 495/4500, time remaining: 13m 36s
Rendered 496/4500, time remaining: 13m 37s
Rendered 497/4500, time remaining: 13m 39s
Rendered 497/4500, time remaining: 13m 39s
Rendered 498/4500, time remaining: 13m 40s
Rendered 498/4500, time remaining: 13m 40s
Rendered 499/4500, time remaining: 13m 47s
Rendered 500/4500, time remaining: 13m 48s
Rendered 500/4500, time remaining: 13m 48s
Rendered 501/4500, time remaining: 13m 50s
Rendered 502/4500, time remaining: 13m 51s
Rendered 502/4500, time remaining: 13m 51s
Rendered 503/4500, time remaining: 13m 51s
Rendered 504/4500, time remaining: 13m 52s
Rendered 504/4500, time remaining: 13m 52s
Rendered 505/4500, time remaining: 13m 55s
Rendered 506/4500, time remaining: 13m 55s
Rendered 507/4500, time remaining: 13m 55s
Rendered 507/4500, time remaining: 13m 55s
Rendered 508/4500, time remaining: 13m 55s
Rendered 509/4500, time remaining: 13m 56s
Rendered 509/4500, time remaining: 13m 56s
Rendered 510/4500, time remaining: 13m 57s
Rendered 511/4500, time remaining: 13m 57s
Rendered 511/4500, time remaining: 13m 57s
Rendered 512/4500, time remaining: 13m 59s
Rendered 513/4500, time remaining: 14m 0s
Rendered 513/4500, time remaining: 14m 0s
Rendered 514/4500, time remaining: 14m 1s
Rendered 515/4500, time remaining: 14m 2s
Rendered 515/4500, time remaining: 14m 2s
Rendered 516/4500, time remaining: 14m 2s
Rendered 517/4500, time remaining: 14m 4s
Rendered 517/4500, time remaining: 14m 4s
Rendered 518/4500, time remaining: 14m 5s
Rendered 519/4500, time remaining: 14m 5s
Rendered 519/4500, time remaining: 14m 5s
Rendered 520/4500, time remaining: 14m 6s
Rendered 521/4500, time remaining: 14m 8s
Rendered 522/4500, time remaining: 14m 8s
Rendered 522/4500, time remaining: 14m 8s
Rendered 523/4500, time remaining: 14m 9s
Rendered 524/4500, time remaining: 14m 11s
Rendered 524/4500, time remaining: 14m 11s
Rendered 525/4500, time remaining: 14m 12s
Rendered 526/4500, time remaining: 14m 11s
Rendered 526/4500, time remaining: 14m 11s
Rendered 527/4500, time remaining: 14m 11s
Rendered 528/4500, time remaining: 14m 12s
Rendered 528/4500, time remaining: 14m 12s
Rendered 529/4500, time remaining: 14m 13s
Rendered 530/4500, time remaining: 14m 13s
Rendered 531/4500, time remaining: 14m 15s
Rendered 531/4500, time remaining: 14m 15s
Rendered 532/4500, time remaining: 14m 16s
Rendered 533/4500, time remaining: 14m 17s
Rendered 533/4500, time remaining: 14m 17s
Rendered 534/4500, time remaining: 14m 17s
Rendered 535/4500, time remaining: 14m 19s
Rendered 535/4500, time remaining: 14m 19s
Rendered 536/4500, time remaining: 14m 20s
Rendered 537/4500, time remaining: 14m 21s
Rendered 537/4500, time remaining: 14m 21s
Rendered 538/4500, time remaining: 14m 22s
Rendered 539/4500, time remaining: 14m 22s
Rendered 539/4500, time remaining: 14m 22s
Rendered 540/4500, time remaining: 14m 23s
Rendered 541/4500, time remaining: 14m 26s
Rendered 541/4500, time remaining: 14m 26s
Rendered 542/4500, time remaining: 14m 26s
Rendered 543/4500, time remaining: 14m 26s
Rendered 543/4500, time remaining: 14m 26s
Rendered 544/4500, time remaining: 14m 28s
Rendered 545/4500, time remaining: 14m 29s
Rendered 545/4500, time remaining: 14m 29s
Rendered 546/4500, time remaining: 14m 30s
Rendered 547/4500, time remaining: 14m 29s
Rendered 548/4500, time remaining: 14m 31s
Rendered 548/4500, time remaining: 14m 31s
Rendered 549/4500, time remaining: 14m 33s
Rendered 550/4500, time remaining: 14m 34s
Rendered 550/4500, time remaining: 14m 34s
Rendered 551/4500, time remaining: 14m 35s
Rendered 552/4500, time remaining: 14m 34s
Rendered 552/4500, time remaining: 14m 34s
Rendered 553/4500, time remaining: 14m 36s
Rendered 554/4500, time remaining: 14m 36s
Rendered 554/4500, time remaining: 14m 36s
Rendered 555/4500, time remaining: 14m 36s
Rendered 556/4500, time remaining: 14m 36s
Rendered 557/4500, time remaining: 14m 37s
Rendered 557/4500, time remaining: 14m 37s
Rendered 558/4500, time remaining: 14m 39s
Rendered 559/4500, time remaining: 14m 38s
Rendered 559/4500, time remaining: 14m 38s
Rendered 560/4500, time remaining: 14m 39s
Rendered 561/4500, time remaining: 14m 41s
Rendered 561/4500, time remaining: 14m 41s
Rendered 562/4500, time remaining: 14m 43s
Rendered 563/4500, time remaining: 14m 42s
Rendered 563/4500, time remaining: 14m 42s
Rendered 564/4500, time remaining: 14m 43s
Rendered 565/4500, time remaining: 14m 45s
Rendered 565/4500, time remaining: 14m 45s
Rendered 566/4500, time remaining: 14m 46s
Rendered 567/4500, time remaining: 14m 45s
Rendered 567/4500, time remaining: 14m 45s
Rendered 568/4500, time remaining: 14m 47s
Rendered 569/4500, time remaining: 14m 48s
Rendered 569/4500, time remaining: 14m 48s
Rendered 570/4500, time remaining: 14m 50s
Rendered 571/4500, time remaining: 14m 50s
Rendered 572/4500, time remaining: 14m 51s
Rendered 572/4500, time remaining: 14m 51s
Rendered 573/4500, time remaining: 14m 53s
Rendered 573/4500, time remaining: 14m 53s
Rendered 574/4500, time remaining: 14m 56s
Rendered 575/4500, time remaining: 14m 57s
Rendered 576/4500, time remaining: 14m 58s
Rendered 576/4500, time remaining: 14m 58s
Rendered 577/4500, time remaining: 15m 1s
Rendered 578/4500, time remaining: 15m 1s
Rendered 578/4500, time remaining: 15m 1s
Rendered 579/4500, time remaining: 15m 2s
Rendered 579/4500, time remaining: 15m 2s
Rendered 580/4500, time remaining: 15m 7s
Rendered 581/4500, time remaining: 15m 11s
Rendered 581/4500, time remaining: 15m 11s
Rendered 582/4500, time remaining: 15m 12s
Rendered 583/4500, time remaining: 15m 14s
Rendered 583/4500, time remaining: 15m 14s
Rendered 584/4500, time remaining: 15m 15s
Rendered 585/4500, time remaining: 15m 17s
Rendered 585/4500, time remaining: 15m 17s
Rendered 586/4500, time remaining: 15m 18s
Rendered 587/4500, time remaining: 15m 19s
Rendered 587/4500, time remaining: 15m 19s
Rendered 588/4500, time remaining: 15m 20s
Rendered 589/4500, time remaining: 15m 20s
Rendered 589/4500, time remaining: 15m 20s
Rendered 590/4500, time remaining: 15m 22s
Rendered 591/4500, time remaining: 15m 24s
Rendered 591/4500, time remaining: 15m 24s
Rendered 592/4500, time remaining: 15m 24s
Rendered 593/4500, time remaining: 15m 24s
Rendered 593/4500, time remaining: 15m 24s
Rendered 594/4500, time remaining: 15m 25s
Rendered 595/4500, time remaining: 15m 25s
Rendered 595/4500, time remaining: 15m 25s
Rendered 596/4500, time remaining: 15m 26s
Rendered 597/4500, time remaining: 15m 27s
Rendered 597/4500, time remaining: 15m 27s
Rendered 598/4500, time remaining: 15m 28s
Rendered 599/4500, time remaining: 15m 30s
Rendered 599/4500, time remaining: 15m 30s
Rendered 600/4500, time remaining: 15m 31s
Rendered 601/4500, time remaining: 15m 31s
Rendered 601/4500, time remaining: 15m 31s
Rendered 602/4500, time remaining: 15m 31s
Rendered 603/4500, time remaining: 15m 30s
Rendered 603/4500, time remaining: 15m 30s
Rendered 604/4500, time remaining: 15m 30s
Rendered 605/4500, time remaining: 15m 29s
Rendered 605/4500, time remaining: 15m 29s
Rendered 606/4500, time remaining: 15m 30s
Rendered 607/4500, time remaining: 15m 29s
Rendered 608/4500, time remaining: 15m 29s
Rendered 608/4500, time remaining: 15m 29s
Rendered 609/4500, time remaining: 15m 29s
Rendered 610/4500, time remaining: 15m 28s
Rendered 610/4500, time remaining: 15m 28s
Rendered 611/4500, time remaining: 15m 28s
Rendered 612/4500, time remaining: 15m 27s
Rendered 612/4500, time remaining: 15m 27s
Rendered 613/4500, time remaining: 15m 27s
Rendered 614/4500, time remaining: 15m 27s
Rendered 614/4500, time remaining: 15m 27s
Rendered 615/4500, time remaining: 15m 26s
Rendered 616/4500, time remaining: 15m 25s
Rendered 616/4500, time remaining: 15m 25s
Rendered 617/4500, time remaining: 15m 25s
Rendered 618/4500, time remaining: 15m 25s
Rendered 618/4500, time remaining: 15m 25s
Rendered 619/4500, time remaining: 15m 25s
Rendered 620/4500, time remaining: 15m 25s
Rendered 620/4500, time remaining: 15m 25s
Rendered 621/4500, time remaining: 15m 25s
Rendered 622/4500, time remaining: 15m 24s
Rendered 622/4500, time remaining: 15m 24s
Rendered 623/4500, time remaining: 15m 25s
Rendered 624/4500, time remaining: 15m 25s
Rendered 624/4500, time remaining: 15m 25s
Rendered 625/4500, time remaining: 15m 24s
Rendered 626/4500, time remaining: 15m 25s
Rendered 626/4500, time remaining: 15m 25s
Rendered 627/4500, time remaining: 15m 25s
Rendered 628/4500, time remaining: 15m 26s
Rendered 629/4500, time remaining: 15m 24s
Rendered 629/4500, time remaining: 15m 24s
Rendered 630/4500, time remaining: 15m 26s
Rendered 630/4500, time remaining: 15m 26s
Rendered 631/4500, time remaining: 15m 26s
Rendered 632/4500, time remaining: 15m 26s
Rendered 632/4500, time remaining: 15m 26s
Rendered 633/4500, time remaining: 15m 27s
Rendered 634/4500, time remaining: 15m 27s
Rendered 635/4500, time remaining: 15m 26s
Rendered 635/4500, time remaining: 15m 26s
Rendered 636/4500, time remaining: 15m 25s
Rendered 637/4500, time remaining: 15m 25s
Rendered 637/4500, time remaining: 15m 25s
Rendered 638/4500, time remaining: 15m 25s
Rendered 639/4500, time remaining: 15m 26s
Rendered 639/4500, time remaining: 15m 26s
Rendered 640/4500, time remaining: 15m 24s
Rendered 641/4500, time remaining: 15m 24s
Rendered 641/4500, time remaining: 15m 24s
Rendered 642/4500, time remaining: 15m 25s
Rendered 643/4500, time remaining: 15m 25s
Rendered 643/4500, time remaining: 15m 25s
Rendered 644/4500, time remaining: 15m 25s
Rendered 645/4500, time remaining: 15m 25s
Rendered 645/4500, time remaining: 15m 25s
Rendered 646/4500, time remaining: 15m 25s
Rendered 647/4500, time remaining: 15m 24s
Rendered 647/4500, time remaining: 15m 24s
Rendered 648/4500, time remaining: 15m 24s
Rendered 649/4500, time remaining: 15m 18s
Rendered 649/4500, time remaining: 15m 18s
Rendered 650/4500, time remaining: 15m 18s
Rendered 651/4500, time remaining: 15m 17s
Rendered 651/4500, time remaining: 15m 17s
Rendered 652/4500, time remaining: 15m 17s
Rendered 653/4500, time remaining: 15m 16s
Rendered 653/4500, time remaining: 15m 16s
Rendered 654/4500, time remaining: 15m 18s
Rendered 655/4500, time remaining: 15m 16s
Rendered 655/4500, time remaining: 15m 16s
Rendered 656/4500, time remaining: 15m 17s
Rendered 657/4500, time remaining: 15m 18s
Rendered 658/4500, time remaining: 15m 18s
Rendered 658/4500, time remaining: 15m 18s
Rendered 659/4500, time remaining: 15m 17s
Rendered 660/4500, time remaining: 15m 18s
Rendered 660/4500, time remaining: 15m 18s
Rendered 661/4500, time remaining: 15m 19s
Rendered 662/4500, time remaining: 15m 18s
Rendered 662/4500, time remaining: 15m 18s
Rendered 663/4500, time remaining: 15m 18s
Rendered 664/4500, time remaining: 15m 19s
Rendered 664/4500, time remaining: 15m 19s
Rendered 665/4500, time remaining: 15m 19s
Rendered 666/4500, time remaining: 15m 18s
Rendered 666/4500, time remaining: 15m 18s
Rendered 667/4500, time remaining: 15m 18s
Rendered 668/4500, time remaining: 15m 18s
Rendered 668/4500, time remaining: 15m 18s
Rendered 669/4500, time remaining: 15m 19s
Rendered 670/4500, time remaining: 15m 18s
Rendered 670/4500, time remaining: 15m 18s
Rendered 671/4500, time remaining: 15m 17s
Rendered 672/4500, time remaining: 15m 17s
Rendered 672/4500, time remaining: 15m 17s
Rendered 673/4500, time remaining: 15m 18s
Rendered 674/4500, time remaining: 15m 16s
Rendered 674/4500, time remaining: 15m 16s
Rendered 675/4500, time remaining: 15m 17s
Rendered 676/4500, time remaining: 15m 17s
Rendered 676/4500, time remaining: 15m 17s
Rendered 677/4500, time remaining: 15m 17s
Rendered 678/4500, time remaining: 15m 17s
Rendered 679/4500, time remaining: 15m 16s
Rendered 679/4500, time remaining: 15m 16s
Rendered 680/4500, time remaining: 15m 18s
Rendered 681/4500, time remaining: 15m 17s
Rendered 681/4500, time remaining: 15m 17s
Rendered 682/4500, time remaining: 15m 17s
Rendered 683/4500, time remaining: 15m 17s
Rendered 683/4500, time remaining: 15m 17s
Rendered 684/4500, time remaining: 15m 17s
Rendered 685/4500, time remaining: 15m 17s
Rendered 685/4500, time remaining: 15m 17s
Rendered 686/4500, time remaining: 15m 18s
Rendered 687/4500, time remaining: 15m 18s
Rendered 687/4500, time remaining: 15m 18s
Rendered 688/4500, time remaining: 15m 18s
Rendered 689/4500, time remaining: 15m 18s
Rendered 689/4500, time remaining: 15m 18s
Rendered 690/4500, time remaining: 15m 18s
Rendered 691/4500, time remaining: 15m 17s
Rendered 691/4500, time remaining: 15m 17s
Rendered 692/4500, time remaining: 15m 18s
Rendered 693/4500, time remaining: 15m 18s
Rendered 693/4500, time remaining: 15m 18s
Rendered 694/4500, time remaining: 15m 18s
Rendered 695/4500, time remaining: 15m 18s
Rendered 695/4500, time remaining: 15m 18s
Rendered 696/4500, time remaining: 15m 17s
Rendered 697/4500, time remaining: 15m 19s
Rendered 697/4500, time remaining: 15m 19s
Rendered 698/4500, time remaining: 15m 18s
Rendered 699/4500, time remaining: 15m 17s
Rendered 699/4500, time remaining: 15m 17s
Rendered 700/4500, time remaining: 15m 17s
Rendered 701/4500, time remaining: 15m 17s
Rendered 701/4500, time remaining: 15m 17s
Rendered 702/4500, time remaining: 15m 18s
Rendered 703/4500, time remaining: 15m 18s
Rendered 703/4500, time remaining: 15m 18s
Rendered 704/4500, time remaining: 15m 19s
Rendered 705/4500, time remaining: 15m 19s
Rendered 705/4500, time remaining: 15m 19s
Rendered 706/4500, time remaining: 15m 20s
Rendered 707/4500, time remaining: 15m 20s
Rendered 707/4500, time remaining: 15m 20s
Rendered 708/4500, time remaining: 15m 19s
Rendered 709/4500, time remaining: 15m 19s
Rendered 710/4500, time remaining: 15m 19s
Rendered 710/4500, time remaining: 15m 19s
Rendered 711/4500, time remaining: 15m 19s
Rendered 712/4500, time remaining: 15m 18s
Rendered 712/4500, time remaining: 15m 18s
Rendered 713/4500, time remaining: 15m 18s
Rendered 714/4500, time remaining: 15m 18s
Rendered 714/4500, time remaining: 15m 18s
Rendered 715/4500, time remaining: 15m 17s
Rendered 716/4500, time remaining: 15m 16s
Rendered 716/4500, time remaining: 15m 16s
Rendered 717/4500, time remaining: 15m 17s
Rendered 718/4500, time remaining: 15m 17s
Rendered 718/4500, time remaining: 15m 17s
Rendered 719/4500, time remaining: 15m 17s
Rendered 720/4500, time remaining: 15m 16s
Rendered 720/4500, time remaining: 15m 16s
Rendered 721/4500, time remaining: 15m 16s
Rendered 722/4500, time remaining: 15m 17s
Rendered 722/4500, time remaining: 15m 17s
Rendered 723/4500, time remaining: 15m 17s
Rendered 724/4500, time remaining: 15m 15s
Rendered 724/4500, time remaining: 15m 15s
Rendered 725/4500, time remaining: 15m 15s
Rendered 726/4500, time remaining: 15m 15s
Rendered 726/4500, time remaining: 15m 15s
Rendered 727/4500, time remaining: 15m 13s
Rendered 728/4500, time remaining: 15m 12s
Rendered 729/4500, time remaining: 15m 12s
Rendered 729/4500, time remaining: 15m 12s
Rendered 730/4500, time remaining: 15m 8s
Rendered 731/4500, time remaining: 15m 5s
Rendered 731/4500, time remaining: 15m 5s
Rendered 732/4500, time remaining: 15m 4s
Rendered 733/4500, time remaining: 15m 3s
Rendered 733/4500, time remaining: 15m 3s
Rendered 734/4500, time remaining: 15m 4s
Rendered 735/4500, time remaining: 15m 3s
Rendered 735/4500, time remaining: 15m 3s
Rendered 736/4500, time remaining: 15m 3s
Rendered 737/4500, time remaining: 15m 3s
Rendered 737/4500, time remaining: 15m 3s
Rendered 738/4500, time remaining: 15m 4s
Rendered 739/4500, time remaining: 15m 4s
Rendered 739/4500, time remaining: 15m 4s
Rendered 740/4500, time remaining: 15m 3s
Rendered 741/4500, time remaining: 15m 3s
Rendered 741/4500, time remaining: 15m 3s
Rendered 742/4500, time remaining: 15m 3s
Rendered 743/4500, time remaining: 15m 3s
Rendered 743/4500, time remaining: 15m 3s
Rendered 744/4500, time remaining: 15m 4s
Rendered 745/4500, time remaining: 15m 3s
Rendered 745/4500, time remaining: 15m 3s
Rendered 746/4500, time remaining: 15m 3s
Rendered 747/4500, time remaining: 15m 4s
Rendered 747/4500, time remaining: 15m 4s
Rendered 748/4500, time remaining: 15m 4s
Rendered 749/4500, time remaining: 15m 2s
Rendered 749/4500, time remaining: 15m 2s
Rendered 750/4500, time remaining: 15m 3s
Rendered 751/4500, time remaining: 15m 3s
Rendered 751/4500, time remaining: 15m 3s
Rendered 752/4500, time remaining: 15m 2s
Rendered 753/4500, time remaining: 15m 3s
Rendered 753/4500, time remaining: 15m 3s
Rendered 754/4500, time remaining: 15m 3s
Rendered 755/4500, time remaining: 15m 4s
Rendered 755/4500, time remaining: 15m 4s
Rendered 756/4500, time remaining: 15m 4s
Rendered 757/4500, time remaining: 15m 3s
Rendered 757/4500, time remaining: 15m 3s
Rendered 758/4500, time remaining: 15m 3s
Rendered 759/4500, time remaining: 15m 4s
Rendered 759/4500, time remaining: 15m 4s
Rendered 760/4500, time remaining: 15m 4s
Rendered 761/4500, time remaining: 15m 4s
Rendered 761/4500, time remaining: 15m 4s
Rendered 762/4500, time remaining: 15m 3s
Rendered 763/4500, time remaining: 15m 1s
Rendered 763/4500, time remaining: 15m 1s
Rendered 764/4500, time remaining: 15m 2s
Rendered 765/4500, time remaining: 15m 2s
Rendered 765/4500, time remaining: 15m 2s
Rendered 766/4500, time remaining: 15m 2s
Rendered 767/4500, time remaining: 15m 1s
Rendered 767/4500, time remaining: 15m 1s
Rendered 768/4500, time remaining: 15m 2s
Rendered 769/4500, time remaining: 15m 1s
Rendered 769/4500, time remaining: 15m 1s
Rendered 770/4500, time remaining: 15m 2s
Rendered 771/4500, time remaining: 15m 2s
Rendered 771/4500, time remaining: 15m 2s
Rendered 772/4500, time remaining: 15m 2s
Rendered 773/4500, time remaining: 15m 1s
Rendered 774/4500, time remaining: 15m 0s
Rendered 774/4500, time remaining: 15m 0s
Rendered 775/4500, time remaining: 14m 59s
Rendered 775/4500, time remaining: 14m 59s
Rendered 776/4500, time remaining: 15m 0s
Rendered 777/4500, time remaining: 14m 59s
Rendered 778/4500, time remaining: 14m 59s
Rendered 778/4500, time remaining: 14m 59s
Rendered 779/4500, time remaining: 15m 0s
Rendered 779/4500, time remaining: 15m 0s
Rendered 780/4500, time remaining: 15m 0s
Rendered 781/4500, time remaining: 15m 0s
Rendered 782/4500, time remaining: 14m 59s
Rendered 782/4500, time remaining: 14m 59s
Rendered 783/4500, time remaining: 14m 59s
Rendered 784/4500, time remaining: 14m 58s
Rendered 784/4500, time remaining: 14m 58s
Rendered 785/4500, time remaining: 14m 58s
Rendered 786/4500, time remaining: 14m 58s
Rendered 786/4500, time remaining: 14m 58s
Rendered 787/4500, time remaining: 14m 59s
Rendered 788/4500, time remaining: 15m 0s
Rendered 788/4500, time remaining: 15m 0s
Rendered 789/4500, time remaining: 15m 0s
Rendered 790/4500, time remaining: 15m 0s
Rendered 790/4500, time remaining: 15m 0s
Rendered 791/4500, time remaining: 15m 0s
Rendered 792/4500, time remaining: 14m 59s
Rendered 792/4500, time remaining: 14m 59s
Rendered 793/4500, time remaining: 15m 0s
Rendered 793/4500, time remaining: 15m 0s
Rendered 794/4500, time remaining: 15m 1s
Rendered 795/4500, time remaining: 15m 6s
Rendered 795/4500, time remaining: 15m 6s
Rendered 796/4500, time remaining: 15m 5s
Rendered 797/4500, time remaining: 15m 5s
Rendered 797/4500, time remaining: 15m 5s
Rendered 798/4500, time remaining: 15m 4s
Rendered 799/4500, time remaining: 15m 4s
Rendered 799/4500, time remaining: 15m 4s
Rendered 800/4500, time remaining: 15m 4s
Rendered 801/4500, time remaining: 15m 3s
Rendered 801/4500, time remaining: 15m 3s
Rendered 802/4500, time remaining: 15m 4s
Rendered 803/4500, time remaining: 15m 3s
Rendered 803/4500, time remaining: 15m 3s
Rendered 804/4500, time remaining: 15m 2s
Rendered 805/4500, time remaining: 15m 2s
Rendered 805/4500, time remaining: 15m 2s
Rendered 806/4500, time remaining: 15m 1s
Rendered 807/4500, time remaining: 15m 0s
Rendered 807/4500, time remaining: 15m 0s
Rendered 808/4500, time remaining: 15m 1s
Rendered 809/4500, time remaining: 15m 0s
Rendered 809/4500, time remaining: 15m 0s
Rendered 810/4500, time remaining: 14m 59s
Rendered 811/4500, time remaining: 14m 58s
Rendered 811/4500, time remaining: 14m 58s
Rendered 812/4500, time remaining: 14m 58s
Rendered 813/4500, time remaining: 14m 58s
Rendered 814/4500, time remaining: 14m 57s
Rendered 814/4500, time remaining: 14m 57s
Rendered 815/4500, time remaining: 14m 57s
Rendered 816/4500, time remaining: 14m 57s
Rendered 816/4500, time remaining: 14m 57s
Rendered 817/4500, time remaining: 14m 57s
Rendered 818/4500, time remaining: 14m 57s
Rendered 818/4500, time remaining: 14m 57s
Rendered 819/4500, time remaining: 14m 57s
Rendered 820/4500, time remaining: 14m 57s
Rendered 820/4500, time remaining: 14m 57s
Rendered 821/4500, time remaining: 14m 58s
Rendered 822/4500, time remaining: 14m 57s
Rendered 822/4500, time remaining: 14m 57s
Rendered 823/4500, time remaining: 14m 57s
Rendered 824/4500, time remaining: 14m 58s
Rendered 824/4500, time remaining: 14m 58s
Rendered 825/4500, time remaining: 14m 58s
Rendered 826/4500, time remaining: 14m 58s
Rendered 826/4500, time remaining: 14m 58s
Rendered 827/4500, time remaining: 14m 58s
Rendered 828/4500, time remaining: 14m 58s
Rendered 828/4500, time remaining: 14m 58s
Rendered 829/4500, time remaining: 14m 59s
Rendered 830/4500, time remaining: 14m 58s
Rendered 830/4500, time remaining: 14m 58s
Rendered 831/4500, time remaining: 14m 58s
Rendered 832/4500, time remaining: 14m 57s
Rendered 832/4500, time remaining: 14m 57s
Rendered 833/4500, time remaining: 14m 58s
Rendered 834/4500, time remaining: 14m 58s
Rendered 834/4500, time remaining: 14m 58s
Rendered 835/4500, time remaining: 14m 56s
Rendered 836/4500, time remaining: 14m 55s
Rendered 836/4500, time remaining: 14m 55s
Rendered 837/4500, time remaining: 14m 54s
Rendered 838/4500, time remaining: 14m 53s
Rendered 838/4500, time remaining: 14m 53s
Rendered 839/4500, time remaining: 14m 53s
Rendered 840/4500, time remaining: 14m 53s
Rendered 840/4500, time remaining: 14m 53s
Rendered 841/4500, time remaining: 14m 53s
Rendered 842/4500, time remaining: 14m 52s
Rendered 842/4500, time remaining: 14m 52s
Rendered 843/4500, time remaining: 14m 52s
Rendered 844/4500, time remaining: 14m 52s
Rendered 844/4500, time remaining: 14m 52s
Rendered 845/4500, time remaining: 14m 52s
Rendered 846/4500, time remaining: 14m 52s
Rendered 846/4500, time remaining: 14m 52s
Rendered 847/4500, time remaining: 14m 51s
Rendered 848/4500, time remaining: 14m 51s
Rendered 849/4500, time remaining: 14m 51s
Rendered 849/4500, time remaining: 14m 51s
Rendered 850/4500, time remaining: 14m 51s
Rendered 850/4500, time remaining: 14m 51s
Rendered 851/4500, time remaining: 14m 52s
Rendered 852/4500, time remaining: 14m 52s
Rendered 852/4500, time remaining: 14m 52s
Rendered 853/4500, time remaining: 14m 52s
Rendered 854/4500, time remaining: 14m 51s
Rendered 855/4500, time remaining: 14m 51s
Rendered 855/4500, time remaining: 14m 51s
Rendered 856/4500, time remaining: 14m 51s
Rendered 857/4500, time remaining: 14m 51s
Rendered 857/4500, time remaining: 14m 51s
Rendered 858/4500, time remaining: 14m 51s
Rendered 859/4500, time remaining: 14m 50s
Rendered 859/4500, time remaining: 14m 50s
Rendered 860/4500, time remaining: 14m 51s
Rendered 861/4500, time remaining: 14m 50s
Rendered 861/4500, time remaining: 14m 50s
Rendered 862/4500, time remaining: 14m 50s
Rendered 863/4500, time remaining: 14m 50s
Rendered 863/4500, time remaining: 14m 50s
Rendered 864/4500, time remaining: 14m 50s
Rendered 865/4500, time remaining: 14m 52s
Rendered 865/4500, time remaining: 14m 52s
Rendered 866/4500, time remaining: 14m 52s
Rendered 867/4500, time remaining: 14m 51s
Rendered 867/4500, time remaining: 14m 51s
Rendered 868/4500, time remaining: 14m 50s
Rendered 869/4500, time remaining: 14m 51s
Rendered 869/4500, time remaining: 14m 51s
Rendered 870/4500, time remaining: 14m 52s
Rendered 871/4500, time remaining: 14m 52s
Rendered 871/4500, time remaining: 14m 52s
Rendered 872/4500, time remaining: 14m 51s
Rendered 873/4500, time remaining: 14m 50s
Rendered 873/4500, time remaining: 14m 50s
Rendered 874/4500, time remaining: 14m 51s
Rendered 875/4500, time remaining: 14m 50s
Rendered 875/4500, time remaining: 14m 50s
Rendered 876/4500, time remaining: 14m 49s
Rendered 877/4500, time remaining: 14m 50s
Rendered 877/4500, time remaining: 14m 50s
Rendered 878/4500, time remaining: 14m 50s
Rendered 879/4500, time remaining: 14m 50s
Rendered 879/4500, time remaining: 14m 50s
Rendered 880/4500, time remaining: 14m 49s
Rendered 881/4500, time remaining: 14m 49s
Rendered 881/4500, time remaining: 14m 49s
Rendered 882/4500, time remaining: 14m 49s
Rendered 883/4500, time remaining: 14m 48s
Rendered 884/4500, time remaining: 14m 47s
Rendered 884/4500, time remaining: 14m 47s
Rendered 885/4500, time remaining: 14m 47s
Rendered 886/4500, time remaining: 14m 46s
Rendered 886/4500, time remaining: 14m 46s
Rendered 887/4500, time remaining: 14m 46s
Rendered 888/4500, time remaining: 14m 45s
Rendered 888/4500, time remaining: 14m 45s
Rendered 889/4500, time remaining: 14m 45s
Rendered 890/4500, time remaining: 14m 45s
Rendered 890/4500, time remaining: 14m 45s
Rendered 891/4500, time remaining: 14m 44s
Rendered 892/4500, time remaining: 14m 43s
Rendered 892/4500, time remaining: 14m 43s
Rendered 893/4500, time remaining: 14m 43s
Rendered 894/4500, time remaining: 14m 42s
Rendered 894/4500, time remaining: 14m 42s
Rendered 895/4500, time remaining: 14m 41s
Rendered 896/4500, time remaining: 14m 41s
Rendered 896/4500, time remaining: 14m 41s
Rendered 897/4500, time remaining: 14m 40s
Rendered 898/4500, time remaining: 14m 39s
Rendered 898/4500, time remaining: 14m 39s
Rendered 899/4500, time remaining: 14m 38s
Rendered 900/4500, time remaining: 14m 38s
Rendered 901/4500, time remaining: 14m 38s
Rendered 901/4500, time remaining: 14m 38s
Rendered 902/4500, time remaining: 14m 37s
Rendered 903/4500, time remaining: 14m 37s
Rendered 903/4500, time remaining: 14m 37s
Rendered 904/4500, time remaining: 14m 35s
Rendered 905/4500, time remaining: 14m 34s
Rendered 905/4500, time remaining: 14m 34s
Rendered 906/4500, time remaining: 14m 34s
Rendered 907/4500, time remaining: 14m 33s
Rendered 907/4500, time remaining: 14m 33s
Rendered 908/4500, time remaining: 14m 33s
Rendered 909/4500, time remaining: 14m 33s
Rendered 909/4500, time remaining: 14m 33s
Rendered 910/4500, time remaining: 14m 33s
Rendered 911/4500, time remaining: 14m 32s
Rendered 911/4500, time remaining: 14m 32s
Rendered 912/4500, time remaining: 14m 33s
Rendered 913/4500, time remaining: 14m 34s
Rendered 913/4500, time remaining: 14m 34s
Rendered 914/4500, time remaining: 14m 34s
Rendered 915/4500, time remaining: 14m 32s
Rendered 915/4500, time remaining: 14m 32s
Rendered 916/4500, time remaining: 14m 33s
Rendered 917/4500, time remaining: 14m 33s
Rendered 917/4500, time remaining: 14m 33s
Rendered 918/4500, time remaining: 14m 32s
Rendered 919/4500, time remaining: 14m 31s
Rendered 919/4500, time remaining: 14m 31s
Rendered 920/4500, time remaining: 14m 31s
Rendered 921/4500, time remaining: 14m 31s
Rendered 921/4500, time remaining: 14m 31s
Rendered 922/4500, time remaining: 14m 31s
Rendered 923/4500, time remaining: 14m 31s
Rendered 924/4500, time remaining: 14m 30s
Rendered 924/4500, time remaining: 14m 30s
Rendered 925/4500, time remaining: 14m 31s
Rendered 925/4500, time remaining: 14m 31s
Rendered 926/4500, time remaining: 14m 30s
Rendered 927/4500, time remaining: 14m 31s
Rendered 928/4500, time remaining: 14m 30s
Rendered 928/4500, time remaining: 14m 30s
Rendered 929/4500, time remaining: 14m 30s
Rendered 930/4500, time remaining: 14m 28s
Rendered 930/4500, time remaining: 14m 28s
Rendered 931/4500, time remaining: 14m 27s
Rendered 932/4500, time remaining: 14m 27s
Rendered 932/4500, time remaining: 14m 27s
Rendered 933/4500, time remaining: 14m 27s
Rendered 934/4500, time remaining: 14m 27s
Rendered 934/4500, time remaining: 14m 27s
Rendered 935/4500, time remaining: 14m 27s
Rendered 936/4500, time remaining: 14m 27s
Rendered 936/4500, time remaining: 14m 27s
Rendered 937/4500, time remaining: 14m 26s
Rendered 938/4500, time remaining: 14m 25s
Rendered 938/4500, time remaining: 14m 25s
Rendered 939/4500, time remaining: 14m 25s
Rendered 940/4500, time remaining: 14m 24s
Rendered 940/4500, time remaining: 14m 24s
Rendered 941/4500, time remaining: 14m 24s
Rendered 942/4500, time remaining: 14m 24s
Rendered 942/4500, time remaining: 14m 24s
Rendered 943/4500, time remaining: 14m 23s
Rendered 944/4500, time remaining: 14m 22s
Rendered 944/4500, time remaining: 14m 22s
Rendered 945/4500, time remaining: 14m 17s
Rendered 946/4500, time remaining: 14m 16s
Rendered 946/4500, time remaining: 14m 16s
Rendered 947/4500, time remaining: 14m 16s
Rendered 948/4500, time remaining: 14m 15s
Rendered 948/4500, time remaining: 14m 15s
Rendered 949/4500, time remaining: 14m 15s
Rendered 950/4500, time remaining: 14m 15s
Rendered 950/4500, time remaining: 14m 15s
Rendered 951/4500, time remaining: 14m 15s
Rendered 952/4500, time remaining: 14m 15s
Rendered 952/4500, time remaining: 14m 15s
Rendered 953/4500, time remaining: 14m 15s
Rendered 954/4500, time remaining: 14m 15s
Rendered 954/4500, time remaining: 14m 15s
Rendered 955/4500, time remaining: 14m 16s
Rendered 956/4500, time remaining: 14m 16s
Rendered 956/4500, time remaining: 14m 16s
Rendered 957/4500, time remaining: 14m 15s
Rendered 958/4500, time remaining: 14m 14s
Rendered 959/4500, time remaining: 14m 15s
Rendered 959/4500, time remaining: 14m 15s
Rendered 960/4500, time remaining: 14m 15s
Rendered 961/4500, time remaining: 14m 15s
Rendered 961/4500, time remaining: 14m 15s
Rendered 962/4500, time remaining: 14m 15s
Rendered 963/4500, time remaining: 14m 14s
Rendered 963/4500, time remaining: 14m 14s
Rendered 964/4500, time remaining: 14m 13s
Rendered 965/4500, time remaining: 14m 13s
Rendered 965/4500, time remaining: 14m 13s
Rendered 966/4500, time remaining: 14m 12s
Rendered 967/4500, time remaining: 14m 12s
Rendered 967/4500, time remaining: 14m 12s
Rendered 968/4500, time remaining: 14m 11s
Rendered 969/4500, time remaining: 14m 9s
Rendered 969/4500, time remaining: 14m 9s
Rendered 970/4500, time remaining: 14m 9s
Rendered 971/4500, time remaining: 14m 8s
Rendered 972/4500, time remaining: 14m 7s
Rendered 972/4500, time remaining: 14m 7s
Rendered 973/4500, time remaining: 14m 7s
Rendered 974/4500, time remaining: 14m 7s
Rendered 974/4500, time remaining: 14m 7s
Rendered 975/4500, time remaining: 14m 7s
Rendered 976/4500, time remaining: 14m 6s
Rendered 976/4500, time remaining: 14m 6s
Rendered 977/4500, time remaining: 14m 6s
Rendered 978/4500, time remaining: 14m 6s
Rendered 978/4500, time remaining: 14m 6s
Rendered 979/4500, time remaining: 14m 5s
Rendered 980/4500, time remaining: 14m 5s
Rendered 980/4500, time remaining: 14m 5s
Rendered 981/4500, time remaining: 14m 5s
Rendered 982/4500, time remaining: 14m 5s
Rendered 982/4500, time remaining: 14m 5s
Rendered 983/4500, time remaining: 14m 4s
Rendered 984/4500, time remaining: 14m 4s
Rendered 984/4500, time remaining: 14m 4s
Rendered 985/4500, time remaining: 14m 4s
Rendered 986/4500, time remaining: 14m 4s
Rendered 986/4500, time remaining: 14m 4s
Rendered 987/4500, time remaining: 14m 5s
Rendered 988/4500, time remaining: 14m 5s
Rendered 988/4500, time remaining: 14m 5s
Rendered 989/4500, time remaining: 14m 5s
Rendered 990/4500, time remaining: 14m 5s
Rendered 990/4500, time remaining: 14m 5s
Rendered 991/4500, time remaining: 14m 3s
Rendered 992/4500, time remaining: 14m 3s
Rendered 992/4500, time remaining: 14m 3s
Rendered 993/4500, time remaining: 14m 3s
Rendered 994/4500, time remaining: 14m 3s
Rendered 994/4500, time remaining: 14m 3s
Rendered 995/4500, time remaining: 14m 2s
Rendered 996/4500, time remaining: 14m 2s
Rendered 996/4500, time remaining: 14m 2s
Rendered 997/4500, time remaining: 14m 2s
Rendered 998/4500, time remaining: 14m 2s
Rendered 998/4500, time remaining: 14m 2s
Rendered 999/4500, time remaining: 14m 1s
Rendered 1000/4500, time remaining: 14m 2s
Rendered 1000/4500, time remaining: 14m 2s
Rendered 1001/4500, time remaining: 14m 0s
Rendered 1002/4500, time remaining: 14m 0s
Rendered 1002/4500, time remaining: 14m 0s
Rendered 1003/4500, time remaining: 14m 0s
Rendered 1004/4500, time remaining: 14m 0s
Rendered 1004/4500, time remaining: 14m 0s
Rendered 1005/4500, time remaining: 14m 0s
Rendered 1006/4500, time remaining: 14m 0s
Rendered 1007/4500, time remaining: 14m 0s
Rendered 1007/4500, time remaining: 14m 0s
Rendered 1008/4500, time remaining: 13m 59s
Rendered 1009/4500, time remaining: 14m 0s
Rendered 1009/4500, time remaining: 14m 0s
Rendered 1010/4500, time remaining: 13m 59s
Rendered 1011/4500, time remaining: 13m 58s
Rendered 1011/4500, time remaining: 13m 58s
Rendered 1012/4500, time remaining: 13m 58s
Rendered 1013/4500, time remaining: 13m 58s
Rendered 1013/4500, time remaining: 13m 58s
Rendered 1014/4500, time remaining: 13m 58s
Rendered 1015/4500, time remaining: 13m 57s
Rendered 1015/4500, time remaining: 13m 57s
Rendered 1016/4500, time remaining: 13m 56s
Rendered 1017/4500, time remaining: 13m 56s
Rendered 1017/4500, time remaining: 13m 56s
Rendered 1018/4500, time remaining: 13m 56s
Rendered 1019/4500, time remaining: 13m 55s
Rendered 1019/4500, time remaining: 13m 55s
Rendered 1020/4500, time remaining: 13m 54s
Rendered 1021/4500, time remaining: 13m 54s
Rendered 1021/4500, time remaining: 13m 54s
Rendered 1022/4500, time remaining: 13m 54s
Rendered 1023/4500, time remaining: 13m 54s
Rendered 1023/4500, time remaining: 13m 54s
Rendered 1024/4500, time remaining: 13m 53s
Rendered 1025/4500, time remaining: 13m 52s
Rendered 1025/4500, time remaining: 13m 52s
Rendered 1026/4500, time remaining: 13m 52s
Rendered 1027/4500, time remaining: 13m 51s
Rendered 1027/4500, time remaining: 13m 51s
Rendered 1028/4500, time remaining: 13m 52s
Rendered 1029/4500, time remaining: 13m 53s
Rendered 1029/4500, time remaining: 13m 53s
Rendered 1030/4500, time remaining: 13m 56s
Rendered 1031/4500, time remaining: 13m 56s
Rendered 1031/4500, time remaining: 13m 56s
Rendered 1032/4500, time remaining: 13m 56s
Rendered 1033/4500, time remaining: 13m 55s
Rendered 1034/4500, time remaining: 13m 52s
Rendered 1034/4500, time remaining: 13m 52s
Rendered 1035/4500, time remaining: 13m 50s
Rendered 1036/4500, time remaining: 13m 47s
Rendered 1037/4500, time remaining: 13m 45s
Rendered 1037/4500, time remaining: 13m 45s
Rendered 1038/4500, time remaining: 13m 42s
Rendered 1039/4500, time remaining: 13m 39s
Rendered 1040/4500, time remaining: 13m 36s
Rendered 1041/4500, time remaining: 13m 34s
Rendered 1041/4500, time remaining: 13m 34s
Rendered 1042/4500, time remaining: 13m 32s
Rendered 1043/4500, time remaining: 13m 29s
Rendered 1044/4500, time remaining: 13m 27s
Rendered 1045/4500, time remaining: 13m 24s
Rendered 1045/4500, time remaining: 13m 24s
Rendered 1046/4500, time remaining: 13m 22s
Rendered 1047/4500, time remaining: 13m 19s
Rendered 1048/4500, time remaining: 13m 17s
Rendered 1048/4500, time remaining: 13m 17s
Rendered 1049/4500, time remaining: 13m 15s
Rendered 1050/4500, time remaining: 13m 12s
Rendered 1051/4500, time remaining: 13m 8s
Rendered 1052/4500, time remaining: 13m 5s
Rendered 1053/4500, time remaining: 13m 1s
Rendered 1053/4500, time remaining: 13m 1s
Rendered 1054/4500, time remaining: 12m 58s
Rendered 1055/4500, time remaining: 12m 54s
Rendered 1056/4500, time remaining: 12m 50s
Rendered 1057/4500, time remaining: 12m 47s
Rendered 1058/4500, time remaining: 12m 42s
Rendered 1059/4500, time remaining: 12m 38s
Rendered 1060/4500, time remaining: 12m 34s
Rendered 1060/4500, time remaining: 12m 34s
Rendered 1061/4500, time remaining: 12m 30s
Rendered 1062/4500, time remaining: 12m 26s
Rendered 1063/4500, time remaining: 12m 20s
Rendered 1064/4500, time remaining: 12m 16s
Rendered 1065/4500, time remaining: 12m 13s
Rendered 1066/4500, time remaining: 12m 9s
Rendered 1067/4500, time remaining: 12m 5s
Rendered 1067/4500, time remaining: 12m 5s
Rendered 1068/4500, time remaining: 12m 1s
Rendered 1069/4500, time remaining: 11m 58s
Rendered 1070/4500, time remaining: 11m 54s
Rendered 1071/4500, time remaining: 11m 49s
Rendered 1072/4500, time remaining: 11m 45s
Rendered 1073/4500, time remaining: 11m 41s
Rendered 1073/4500, time remaining: 11m 41s
Rendered 1074/4500, time remaining: 11m 38s
Rendered 1075/4500, time remaining: 11m 33s
Rendered 1076/4500, time remaining: 11m 29s
Rendered 1077/4500, time remaining: 11m 25s
Rendered 1078/4500, time remaining: 11m 21s
Rendered 1079/4500, time remaining: 11m 17s
Rendered 1080/4500, time remaining: 11m 13s
Rendered 1080/4500, time remaining: 11m 13s
Rendered 1081/4500, time remaining: 11m 9s
Rendered 1082/4500, time remaining: 11m 5s
Rendered 1083/4500, time remaining: 11m 1s
Rendered 1084/4500, time remaining: 10m 57s
Rendered 1085/4500, time remaining: 10m 53s
Rendered 1086/4500, time remaining: 10m 50s
Rendered 1086/4500, time remaining: 10m 50s
Rendered 1087/4500, time remaining: 10m 46s
Rendered 1088/4500, time remaining: 10m 42s
Rendered 1089/4500, time remaining: 10m 38s
Rendered 1090/4500, time remaining: 10m 35s
Rendered 1091/4500, time remaining: 10m 31s
Rendered 1092/4500, time remaining: 10m 26s
Rendered 1092/4500, time remaining: 10m 26s
Rendered 1093/4500, time remaining: 10m 23s
Rendered 1094/4500, time remaining: 10m 18s
Rendered 1095/4500, time remaining: 10m 14s
Rendered 1096/4500, time remaining: 10m 11s
Rendered 1097/4500, time remaining: 10m 8s
Rendered 1098/4500, time remaining: 10m 5s
Rendered 1098/4500, time remaining: 10m 5s
Rendered 1099/4500, time remaining: 10m 1s
Rendered 1100/4500, time remaining: 9m 57s
Rendered 1101/4500, time remaining: 9m 54s
Rendered 1102/4500, time remaining: 9m 49s
Rendered 1103/4500, time remaining: 9m 46s
Rendered 1104/4500, time remaining: 9m 42s
Rendered 1104/4500, time remaining: 9m 42s
Rendered 1105/4500, time remaining: 9m 37s
Rendered 1106/4500, time remaining: 9m 34s
Rendered 1107/4500, time remaining: 9m 30s
Rendered 1108/4500, time remaining: 9m 27s
Rendered 1109/4500, time remaining: 9m 23s
Rendered 1110/4500, time remaining: 9m 20s
Rendered 1110/4500, time remaining: 9m 20s
Rendered 1111/4500, time remaining: 9m 16s
Rendered 1112/4500, time remaining: 9m 12s
Rendered 1113/4500, time remaining: 9m 9s
Rendered 1114/4500, time remaining: 9m 6s
Rendered 1115/4500, time remaining: 9m 2s
Rendered 1115/4500, time remaining: 9m 2s
Rendered 1116/4500, time remaining: 8m 59s
Rendered 1117/4500, time remaining: 8m 55s
Rendered 1118/4500, time remaining: 8m 52s
Rendered 1119/4500, time remaining: 8m 49s
Rendered 1120/4500, time remaining: 8m 46s
Rendered 1121/4500, time remaining: 8m 43s
Rendered 1121/4500, time remaining: 8m 43s
Rendered 1122/4500, time remaining: 8m 40s
Rendered 1123/4500, time remaining: 8m 36s
Rendered 1124/4500, time remaining: 8m 31s
Rendered 1125/4500, time remaining: 8m 28s
Rendered 1126/4500, time remaining: 8m 24s
Rendered 1127/4500, time remaining: 8m 21s
Rendered 1127/4500, time remaining: 8m 21s
Rendered 1128/4500, time remaining: 8m 17s
Rendered 1129/4500, time remaining: 8m 13s
Rendered 1130/4500, time remaining: 8m 10s
Rendered 1131/4500, time remaining: 8m 6s
Rendered 1132/4500, time remaining: 8m 3s
Rendered 1133/4500, time remaining: 7m 59s
Rendered 1133/4500, time remaining: 7m 59s
Rendered 1134/4500, time remaining: 7m 56s
Rendered 1135/4500, time remaining: 7m 52s
Rendered 1136/4500, time remaining: 7m 49s
Rendered 1137/4500, time remaining: 7m 44s
Rendered 1138/4500, time remaining: 7m 40s
Rendered 1139/4500, time remaining: 7m 36s
Rendered 1139/4500, time remaining: 7m 36s
Rendered 1140/4500, time remaining: 7m 33s
Rendered 1141/4500, time remaining: 7m 30s
Rendered 1142/4500, time remaining: 7m 27s
Rendered 1143/4500, time remaining: 7m 23s
Rendered 1144/4500, time remaining: 7m 19s
Rendered 1144/4500, time remaining: 7m 19s
Rendered 1145/4500, time remaining: 7m 16s
Rendered 1146/4500, time remaining: 7m 12s
Rendered 1147/4500, time remaining: 7m 8s
Rendered 1148/4500, time remaining: 7m 5s
Rendered 1149/4500, time remaining: 7m 1s
Rendered 1150/4500, time remaining: 6m 57s
Rendered 1150/4500, time remaining: 6m 57s
Rendered 1151/4500, time remaining: 6m 54s
Rendered 1152/4500, time remaining: 6m 50s
Rendered 1153/4500, time remaining: 6m 46s
Rendered 1154/4500, time remaining: 6m 42s
Rendered 1155/4500, time remaining: 6m 38s
Rendered 1156/4500, time remaining: 6m 35s
Rendered 1156/4500, time remaining: 6m 35s
Rendered 1157/4500, time remaining: 6m 32s
Rendered 1158/4500, time remaining: 6m 28s
Rendered 1159/4500, time remaining: 6m 24s
Rendered 1160/4500, time remaining: 6m 21s
Rendered 1161/4500, time remaining: 6m 18s
Rendered 1162/4500, time remaining: 6m 14s
Rendered 1162/4500, time remaining: 6m 14s
Rendered 1163/4500, time remaining: 6m 11s
Rendered 1164/4500, time remaining: 6m 7s
Rendered 1165/4500, time remaining: 6m 4s
Rendered 1166/4500, time remaining: 6m 1s
Rendered 1167/4500, time remaining: 5m 57s
Rendered 1167/4500, time remaining: 5m 57s
Rendered 1168/4500, time remaining: 5m 53s
Rendered 1169/4500, time remaining: 5m 50s
Rendered 1170/4500, time remaining: 5m 46s
Rendered 1171/4500, time remaining: 5m 42s
Rendered 1172/4500, time remaining: 5m 39s
Rendered 1173/4500, time remaining: 5m 36s
Rendered 1173/4500, time remaining: 5m 36s
Rendered 1174/4500, time remaining: 5m 32s
Rendered 1175/4500, time remaining: 5m 29s
Rendered 1176/4500, time remaining: 5m 26s
Rendered 1177/4500, time remaining: 5m 23s
Rendered 1178/4500, time remaining: 5m 19s
Rendered 1179/4500, time remaining: 5m 14s
Rendered 1179/4500, time remaining: 5m 14s
Rendered 1180/4500, time remaining: 5m 7s
Rendered 1181/4500, time remaining: 5m 4s
Rendered 1182/4500, time remaining: 5m 4s
Rendered 1182/4500, time remaining: 5m 4s
Rendered 1183/4500, time remaining: 5m 2s
Rendered 1184/4500, time remaining: 5m 1s
Rendered 1185/4500, time remaining: 5m 0s
Rendered 1186/4500, time remaining: 4m 59s
Rendered 1187/4500, time remaining: 4m 57s
Rendered 1188/4500, time remaining: 4m 56s
Rendered 1188/4500, time remaining: 4m 56s
Rendered 1189/4500, time remaining: 4m 55s
Rendered 1190/4500, time remaining: 4m 54s
Rendered 1191/4500, time remaining: 4m 52s
Rendered 1192/4500, time remaining: 4m 51s
Rendered 1193/4500, time remaining: 4m 50s
Rendered 1194/4500, time remaining: 4m 49s
Rendered 1194/4500, time remaining: 4m 49s
Rendered 1195/4500, time remaining: 4m 48s
Rendered 1196/4500, time remaining: 4m 47s
Rendered 1197/4500, time remaining: 4m 46s
Rendered 1198/4500, time remaining: 4m 44s
Rendered 1199/4500, time remaining: 4m 43s
Rendered 1200/4500, time remaining: 4m 42s
Rendered 1200/4500, time remaining: 4m 42s
Rendered 1201/4500, time remaining: 4m 42s
Rendered 1202/4500, time remaining: 4m 42s
Rendered 1203/4500, time remaining: 4m 42s
Rendered 1204/4500, time remaining: 4m 42s
Rendered 1205/4500, time remaining: 4m 42s
Rendered 1205/4500, time remaining: 4m 42s
Rendered 1206/4500, time remaining: 4m 43s
Rendered 1207/4500, time remaining: 4m 42s
Rendered 1208/4500, time remaining: 4m 42s
Rendered 1209/4500, time remaining: 4m 43s
Rendered 1210/4500, time remaining: 4m 43s
Rendered 1211/4500, time remaining: 4m 43s
Rendered 1211/4500, time remaining: 4m 43s
Rendered 1212/4500, time remaining: 4m 43s
Rendered 1213/4500, time remaining: 4m 44s
Rendered 1214/4500, time remaining: 4m 44s
Rendered 1215/4500, time remaining: 4m 44s
Rendered 1216/4500, time remaining: 4m 44s
Rendered 1217/4500, time remaining: 4m 44s
Rendered 1217/4500, time remaining: 4m 44s
Rendered 1218/4500, time remaining: 4m 45s
Rendered 1219/4500, time remaining: 4m 45s
Rendered 1220/4500, time remaining: 4m 45s
Rendered 1221/4500, time remaining: 4m 45s
Rendered 1222/4500, time remaining: 4m 45s
Rendered 1222/4500, time remaining: 4m 45s
Rendered 1223/4500, time remaining: 4m 45s
Rendered 1224/4500, time remaining: 4m 45s
Rendered 1225/4500, time remaining: 4m 46s
Rendered 1226/4500, time remaining: 4m 46s
Rendered 1227/4500, time remaining: 4m 46s
Rendered 1228/4500, time remaining: 4m 46s
Rendered 1228/4500, time remaining: 4m 46s
Rendered 1229/4500, time remaining: 4m 46s
Rendered 1230/4500, time remaining: 4m 47s
Rendered 1231/4500, time remaining: 4m 46s
Rendered 1232/4500, time remaining: 4m 46s
Rendered 1233/4500, time remaining: 4m 46s
Rendered 1234/4500, time remaining: 4m 47s
Rendered 1234/4500, time remaining: 4m 47s
Rendered 1235/4500, time remaining: 4m 46s
Rendered 1236/4500, time remaining: 4m 46s
Rendered 1237/4500, time remaining: 4m 46s
Rendered 1238/4500, time remaining: 4m 47s
Rendered 1239/4500, time remaining: 4m 47s
Rendered 1240/4500, time remaining: 4m 47s
Rendered 1240/4500, time remaining: 4m 47s
Rendered 1241/4500, time remaining: 4m 47s
Rendered 1242/4500, time remaining: 4m 47s
Rendered 1243/4500, time remaining: 4m 47s
Rendered 1244/4500, time remaining: 4m 47s
Rendered 1245/4500, time remaining: 4m 47s
Rendered 1246/4500, time remaining: 4m 47s
Rendered 1246/4500, time remaining: 4m 47s
Rendered 1247/4500, time remaining: 4m 47s
Rendered 1248/4500, time remaining: 4m 46s
Rendered 1249/4500, time remaining: 4m 47s
Rendered 1250/4500, time remaining: 4m 46s
Rendered 1251/4500, time remaining: 4m 46s
Rendered 1251/4500, time remaining: 4m 46s
Rendered 1252/4500, time remaining: 4m 46s
Rendered 1253/4500, time remaining: 4m 46s
Rendered 1254/4500, time remaining: 4m 46s
Rendered 1255/4500, time remaining: 4m 46s
